{"/Users/joelpatrickdurham/alchemy/career-track/week-01/exploring-models/lib/app.js": {"path":"/Users/joelpatrickdurham/alchemy/career-track/week-01/exploring-models/lib/app.js","statementMap":{"0":{"start":{"line":1,"column":16},"end":{"line":1,"column":34}},"1":{"start":{"line":2,"column":12},"end":{"line":2,"column":21}},"2":{"start":{"line":4,"column":0},"end":{"line":4,"column":24}},"3":{"start":{"line":6,"column":0},"end":{"line":8,"column":3}},"4":{"start":{"line":7,"column":4},"end":{"line":7,"column":34}},"5":{"start":{"line":10,"column":0},"end":{"line":12,"column":2}}},"fnMap":{"0":{"name":"(anonymous_0)","decl":{"start":{"line":6,"column":13},"end":{"line":6,"column":14}},"loc":{"start":{"line":6,"column":27},"end":{"line":8,"column":1}},"line":6}},"branchMap":{},"s":{"0":1,"1":1,"2":1,"3":1,"4":1,"5":1},"f":{"0":1},"b":{},"_coverageSchema":"43e27e138ebf9cfc5966b082cf9a028302ed4184","hash":"e37935f8eb4be4e6fa6cb341ba756288c589afa5"}
,"/Users/joelpatrickdurham/alchemy/career-track/week-01/exploring-models/lib/models/Book.js": {"path":"/Users/joelpatrickdurham/alchemy/career-track/week-01/exploring-models/lib/models/Book.js","statementMap":{"0":{"start":{"line":1,"column":17},"end":{"line":1,"column":36}},"1":{"start":{"line":3,"column":15},"end":{"line":16,"column":2}},"2":{"start":{"line":18,"column":0},"end":{"line":18,"column":51}}},"fnMap":{},"branchMap":{},"s":{"0":1,"1":1,"2":1},"f":{},"b":{},"_coverageSchema":"43e27e138ebf9cfc5966b082cf9a028302ed4184","hash":"fef2495c57484c185d3e00489df1155c04ef9e34"}
,"/Users/joelpatrickdurham/alchemy/career-track/week-01/exploring-models/lib/models/Color.js": {"path":"/Users/joelpatrickdurham/alchemy/career-track/week-01/exploring-models/lib/models/Color.js","statementMap":{"0":{"start":{"line":1,"column":17},"end":{"line":1,"column":36}},"1":{"start":{"line":3,"column":15},"end":{"line":26,"column":2}},"2":{"start":{"line":28,"column":0},"end":{"line":28,"column":49}}},"fnMap":{},"branchMap":{},"s":{"0":1,"1":1,"2":1},"f":{},"b":{},"_coverageSchema":"43e27e138ebf9cfc5966b082cf9a028302ed4184","hash":"2c51ef87ee77b7c647a5ce32c7d2e2e786e60349"}
,"/Users/joelpatrickdurham/alchemy/career-track/week-01/exploring-models/lib/models/Pokemon.js": {"path":"/Users/joelpatrickdurham/alchemy/career-track/week-01/exploring-models/lib/models/Pokemon.js","statementMap":{"0":{"start":{"line":1,"column":17},"end":{"line":1,"column":36}},"1":{"start":{"line":3,"column":15},"end":{"line":18,"column":2}},"2":{"start":{"line":20,"column":0},"end":{"line":20,"column":51}}},"fnMap":{},"branchMap":{},"s":{"0":1,"1":1,"2":1},"f":{},"b":{},"_coverageSchema":"43e27e138ebf9cfc5966b082cf9a028302ed4184","hash":"862b73b176bf0493c2a5d0157ba9cf87a7534c81"}
,"/Users/joelpatrickdurham/alchemy/career-track/week-01/exploring-models/lib/models/Tea.js": {"path":"/Users/joelpatrickdurham/alchemy/career-track/week-01/exploring-models/lib/models/Tea.js","statementMap":{"0":{"start":{"line":1,"column":17},"end":{"line":1,"column":36}},"1":{"start":{"line":3,"column":15},"end":{"line":17,"column":2}},"2":{"start":{"line":19,"column":0},"end":{"line":19,"column":47}}},"fnMap":{},"branchMap":{},"s":{"0":1,"1":1,"2":1},"f":{},"b":{},"_coverageSchema":"43e27e138ebf9cfc5966b082cf9a028302ed4184","hash":"378919a75883c151463b1e864a26a40913ea868d"}
,"/Users/joelpatrickdurham/alchemy/career-track/week-01/exploring-models/lib/models/ZeldaGames.js": {"path":"/Users/joelpatrickdurham/alchemy/career-track/week-01/exploring-models/lib/models/ZeldaGames.js","statementMap":{"0":{"start":{"line":1,"column":17},"end":{"line":1,"column":36}},"1":{"start":{"line":3,"column":15},"end":{"line":12,"column":2}},"2":{"start":{"line":14,"column":0},"end":{"line":14,"column":54}}},"fnMap":{},"branchMap":{},"s":{"0":1,"1":1,"2":1},"f":{},"b":{},"_coverageSchema":"43e27e138ebf9cfc5966b082cf9a028302ed4184","hash":"c622b893b57bc947b3f4178102d1df80415a5d82"}
}
