TN:
SF:/Users/joelpatrickdurham/alchemy/career-track/week-01/exploring-models/lib/app.js
FN:6,(anonymous_0)
FNF:1
FNH:1
FNDA:1,(anonymous_0)
DA:1,1
DA:2,1
DA:4,1
DA:6,1
DA:7,1
DA:10,1
LF:6
LH:6
BRF:0
BRH:0
end_of_record
TN:
SF:/Users/joelpatrickdurham/alchemy/career-track/week-01/exploring-models/lib/models/Book.js
FNF:0
FNH:0
DA:1,1
DA:3,1
DA:18,1
LF:3
LH:3
BRF:0
BRH:0
end_of_record
TN:
SF:/Users/joelpatrickdurham/alchemy/career-track/week-01/exploring-models/lib/models/Color.js
FNF:0
FNH:0
DA:1,1
DA:3,1
DA:28,1
LF:3
LH:3
BRF:0
BRH:0
end_of_record
TN:
SF:/Users/joelpatrickdurham/alchemy/career-track/week-01/exploring-models/lib/models/Pokemon.js
FNF:0
FNH:0
DA:1,1
DA:3,1
DA:20,1
LF:3
LH:3
BRF:0
BRH:0
end_of_record
TN:
SF:/Users/joelpatrickdurham/alchemy/career-track/week-01/exploring-models/lib/models/Tea.js
FNF:0
FNH:0
DA:1,1
DA:3,1
DA:19,1
LF:3
LH:3
BRF:0
BRH:0
end_of_record
TN:
SF:/Users/joelpatrickdurham/alchemy/career-track/week-01/exploring-models/lib/models/ZeldaGames.js
FNF:0
FNH:0
DA:1,1
DA:3,1
DA:14,1
LF:3
LH:3
BRF:0
BRH:0
end_of_record
